Using pre-set license
Built from '2020.3/staging' branch; Version is '2020.3.26f1 (7298b473bc1a) revision 7510196'; Using compiler version '192528614'; Build Type 'Release'
OS: 'Windows 10  (10.0.19042) 64bit Professional' Language: 'es' Physical Memory: 16317 MB
BatchMode: 1, IsHumanControllingUs: 0, StartBugReporterOnCrash: 0, Is64bit: 1, IsPro: 0

COMMAND LINE ARGUMENTS:
F:\Instalaciones\Unity hub\Hub\Editor\2020.3.26f1\Editor\Unity.exe
-adb2
-batchMode
-noUpm
-name
AssetImportWorker0
-projectPath
F:/Escuelita/ULSA2022GGJJ
-logFile
Logs/AssetImportWorker0.log
-srvPort
52531
Successfully changed project path to: F:/Escuelita/ULSA2022GGJJ
F:/Escuelita/ULSA2022GGJJ
Using Asset Import Pipeline V2.
Refreshing native plugins compatible for Editor in 85.11 ms, found 3 plugins.
Preloading 0 native plugins for Editor in 0.00 ms.
Initialize engine version: 2020.3.26f1 (7298b473bc1a)
[Subsystems] Discovering subsystems at path F:/Instalaciones/Unity hub/Hub/Editor/2020.3.26f1/Editor/Data/Resources/UnitySubsystems
[Subsystems] Discovering subsystems at path F:/Escuelita/ULSA2022GGJJ/Assets
GfxDevice: creating device client; threaded=0
Direct3D:
    Version:  Direct3D 11.0 [level 11.1]
    Renderer: NVIDIA GeForce GTX 1050 Ti (ID=0x1c82)
    Vendor:   
    VRAM:     4018 MB
    Driver:   30.0.15.1123
Initialize mono
Mono path[0] = 'F:/Instalaciones/Unity hub/Hub/Editor/2020.3.26f1/Editor/Data/Managed'
Mono path[1] = 'F:/Instalaciones/Unity hub/Hub/Editor/2020.3.26f1/Editor/Data/MonoBleedingEdge/lib/mono/unityjit'
Mono config path = 'F:/Instalaciones/Unity hub/Hub/Editor/2020.3.26f1/Editor/Data/MonoBleedingEdge/etc'
Using monoOptions --debugger-agent=transport=dt_socket,embedding=1,server=y,suspend=n,address=127.0.0.1:56132
Begin MonoManager ReloadAssembly
Registering precompiled unity dll's ...
Register platform support module: F:/Instalaciones/Unity hub/Hub/Editor/2020.3.26f1/Editor/Data/PlaybackEngines/WebGLSupport/UnityEditor.WebGL.Extensions.dll
Register platform support module: F:/Instalaciones/Unity hub/Hub/Editor/2020.3.26f1/Editor/Data/PlaybackEngines/WindowsStandaloneSupport/UnityEditor.WindowsStandalone.Extensions.dll
Registered in 0.001722 seconds.
Native extension for WindowsStandalone target not found
Native extension for WebGL target not found
Refreshing native plugins compatible for Editor in 86.69 ms, found 3 plugins.
Preloading 0 native plugins for Editor in 0.00 ms.
Mono: successfully reloaded assembly
- Completed reload, in  0.649 seconds
Domain Reload Profiling:
	ReloadAssembly (649ms)
		BeginReloadAssembly (62ms)
			ExecutionOrderSort (0ms)
			DisableScriptedObjects (0ms)
			BackupInstance (0ms)
			ReleaseScriptingObjects (0ms)
			CreateAndSetChildDomain (1ms)
		EndReloadAssembly (510ms)
			LoadAssemblies (61ms)
			RebuildTransferFunctionScriptingTraits (0ms)
			SetupTypeCache (165ms)
			ReleaseScriptCaches (0ms)
			RebuildScriptCaches (32ms)
			SetupLoadedEditorAssemblies (214ms)
				LogAssemblyErrors (0ms)
				InitializePlatformSupportModulesInManaged (6ms)
				SetLoadedEditorAssemblies (0ms)
				RefreshPlugins (87ms)
				BeforeProcessingInitializeOnLoad (9ms)
				ProcessInitializeOnLoadAttributes (83ms)
				ProcessInitializeOnLoadMethodAttributes (29ms)
				AfterProcessingInitializeOnLoad (0ms)
				EditorAssembliesLoaded (0ms)
			ExecutionOrderSort2 (0ms)
			AwakeInstancesAfterBackupRestoration (0ms)
Platform modules already initialized, skipping
Registering precompiled user dll's ...
Registered in 0.007306 seconds.
Begin MonoManager ReloadAssembly
Native extension for WindowsStandalone target not found
Native extension for WebGL target not found
Refreshing native plugins compatible for Editor in 84.73 ms, found 3 plugins.
Preloading 0 native plugins for Editor in 0.00 ms.
Mono: successfully reloaded assembly
- Completed reload, in  1.384 seconds
Domain Reload Profiling:
	ReloadAssembly (1391ms)
		BeginReloadAssembly (146ms)
			ExecutionOrderSort (0ms)
			DisableScriptedObjects (4ms)
			BackupInstance (0ms)
			ReleaseScriptingObjects (0ms)
			CreateAndSetChildDomain (19ms)
		EndReloadAssembly (1189ms)
			LoadAssemblies (108ms)
			RebuildTransferFunctionScriptingTraits (0ms)
			SetupTypeCache (402ms)
			ReleaseScriptCaches (1ms)
			RebuildScriptCaches (70ms)
			SetupLoadedEditorAssemblies (483ms)
				LogAssemblyErrors (0ms)
				InitializePlatformSupportModulesInManaged (4ms)
				SetLoadedEditorAssemblies (0ms)
				RefreshPlugins (85ms)
				BeforeProcessingInitializeOnLoad (97ms)
				ProcessInitializeOnLoadAttributes (278ms)
				ProcessInitializeOnLoadMethodAttributes (16ms)
				AfterProcessingInitializeOnLoad (3ms)
				EditorAssembliesLoaded (0ms)
			ExecutionOrderSort2 (0ms)
			AwakeInstancesAfterBackupRestoration (6ms)
Platform modules already initialized, skipping
========================================================================
Worker process is ready to serve import requests
Launched and connected shader compiler UnityShaderCompiler.exe after 0.05 seconds
Refreshing native plugins compatible for Editor in 0.90 ms, found 3 plugins.
Preloading 0 native plugins for Editor in 0.00 ms.
Unloading 4085 Unused Serialized files (Serialized files now loaded: 0)
System memory in use before: 175.6 MB.
System memory in use after: 175.8 MB.

Unloading 39 unused Assets to reduce memory usage. Loaded Objects now: 4519.
Total: 4.326800 ms (FindLiveObjects: 0.335300 ms CreateObjectMapping: 0.241300 ms MarkObjects: 3.664900 ms  DeleteObjects: 0.084100 ms)

AssetImportParameters requested are different than current active one (requested -> active):
  custom:framework-win-MediaFoundation: 216162199b28c13a410421893ffa2e32 -> 
  custom:video-decoder-ogg-theora: a1e56fd34408186e4bbccfd4996cb3dc -> 
  custom:container-muxer-webm: aa71ff27fc2769a1b78a27578f13a17b -> 
  custom:container-demuxer-webm: 4f35f7cbe854078d1ac9338744f61a02 -> 
  custom:container-demuxer-ogg: 62fdf1f143b41e24485cea50d1cbac27 -> 
  custom:video-encoder-webm-vp8: eb34c28f22e8b96e1ab97ce403110664 -> 
  custom:video-decoder-webm-vp8: 9c59270c3fd7afecdb556c50c9e8de78 -> 
  custom:audio-decoder-ogg-vorbis: bf7c407c2cedff20999df2af8eb42d56 -> 
  custom:audio-encoder-webm-vorbis: bf7c407c2cedff20999df2af8eb42d56 -> 
========================================================================
Received Import Request.
  path: Assets/Enemy Galore 1 - Pixel Art/Sprites
  artifactKey: Guid(1d6d2285bf0a4a649a8d9bf339df2838) Importer(815301076,1909f56bfc062723c751e8b465ee728b)
Start importing Assets/Enemy Galore 1 - Pixel Art/Sprites using Guid(1d6d2285bf0a4a649a8d9bf339df2838) Importer(815301076,1909f56bfc062723c751e8b465ee728b)  -> (artifact id: '8d2f9f8318b318f1dea2f103d314ee7b') in 0.006597 seconds 
  Import took 0.024565 seconds .

========================================================================
Received Import Request.
  Time since last request: 1.619748 seconds.
  path: Assets/Enemy Galore 1 - Pixel Art/Sprites/Rat
  artifactKey: Guid(59e7e67b7124d48429461ff8a737c695) Importer(815301076,1909f56bfc062723c751e8b465ee728b)
Start importing Assets/Enemy Galore 1 - Pixel Art/Sprites/Rat using Guid(59e7e67b7124d48429461ff8a737c695) Importer(815301076,1909f56bfc062723c751e8b465ee728b)  -> (artifact id: '4beabfa7e4b5527aff383d0604f36d8c') in 0.002489 seconds 
  Import took 0.030137 seconds .

========================================================================
Received Import Request.
  Time since last request: 0.093719 seconds.
  path: Assets/Enemy Galore 1 - Pixel Art/Sprites/Rat/Rat_Ability.png
  artifactKey: Guid(527d0ddf082e4724a861fc734336bee7) Importer(815301076,1909f56bfc062723c751e8b465ee728b)
Start importing Assets/Enemy Galore 1 - Pixel Art/Sprites/Rat/Rat_Ability.png using Guid(527d0ddf082e4724a861fc734336bee7) Importer(815301076,1909f56bfc062723c751e8b465ee728b)  -> (artifact id: 'b4596697726ba6481609a9f0368773d9') in 0.199142 seconds 
  Import took 0.221572 seconds .

========================================================================
Received Import Request.
  Time since last request: 0.000581 seconds.
  path: Assets/Enemy Galore 1 - Pixel Art/Sprites/Rat/Rat_Death.png
  artifactKey: Guid(47ccfa2097f32dc48988cbecb76d03de) Importer(815301076,1909f56bfc062723c751e8b465ee728b)
Start importing Assets/Enemy Galore 1 - Pixel Art/Sprites/Rat/Rat_Death.png using Guid(47ccfa2097f32dc48988cbecb76d03de) Importer(815301076,1909f56bfc062723c751e8b465ee728b)  -> (artifact id: '79e258fa2bd0e833f5d1c17a272d9f42') in 0.029654 seconds 
  Import took 0.052371 seconds .

========================================================================
Received Import Request.
  Time since last request: 0.001425 seconds.
  path: Assets/Enemy Galore 1 - Pixel Art/Sprites/Rat/Rat_Hit.png
  artifactKey: Guid(248ce9d57dcc13a419fe64dcfa5ab45a) Importer(815301076,1909f56bfc062723c751e8b465ee728b)
Start importing Assets/Enemy Galore 1 - Pixel Art/Sprites/Rat/Rat_Hit.png using Guid(248ce9d57dcc13a419fe64dcfa5ab45a) Importer(815301076,1909f56bfc062723c751e8b465ee728b)  -> (artifact id: '7ccca3980dfe21a74f9e302adb2bb84c') in 0.022245 seconds 
  Import took 0.039255 seconds .

========================================================================
Received Import Request.
  Time since last request: 0.000989 seconds.
  path: Assets/Enemy Galore 1 - Pixel Art/Sprites/Rat/Rat_Run.png
  artifactKey: Guid(2327dee1e20363b41a2488a631a0a941) Importer(815301076,1909f56bfc062723c751e8b465ee728b)
Start importing Assets/Enemy Galore 1 - Pixel Art/Sprites/Rat/Rat_Run.png using Guid(2327dee1e20363b41a2488a631a0a941) Importer(815301076,1909f56bfc062723c751e8b465ee728b)  -> (artifact id: 'f920d462453cbecc3b53112e4806cc46') in 0.051120 seconds 
  Import took 0.077007 seconds .

========================================================================
Received Import Request.
  Time since last request: 0.000498 seconds.
  path: Assets/Enemy Galore 1 - Pixel Art/Sprites/Rat/Rat_Attack.png
  artifactKey: Guid(6bcc22196438ea542b9177f5fbaf5933) Importer(815301076,1909f56bfc062723c751e8b465ee728b)
Start importing Assets/Enemy Galore 1 - Pixel Art/Sprites/Rat/Rat_Attack.png using Guid(6bcc22196438ea542b9177f5fbaf5933) Importer(815301076,1909f56bfc062723c751e8b465ee728b)  -> (artifact id: '6a70d48c99f9adc0173c62fd5413cf7f') in 0.046154 seconds 
  Import took 0.070459 seconds .

========================================================================
Received Import Request.
  Time since last request: 0.000449 seconds.
  path: Assets/Enemy Galore 1 - Pixel Art/Sprites/Rat/Rat_Attack_FX.png
  artifactKey: Guid(9f4666dd2c43d6c4eabd7fca76affcec) Importer(815301076,1909f56bfc062723c751e8b465ee728b)
Start importing Assets/Enemy Galore 1 - Pixel Art/Sprites/Rat/Rat_Attack_FX.png using Guid(9f4666dd2c43d6c4eabd7fca76affcec) Importer(815301076,1909f56bfc062723c751e8b465ee728b)  -> (artifact id: '741a08debeda06d73b8df1f49de79e99') in 0.031213 seconds 
  Import took 0.048032 seconds .

========================================================================
Received Import Request.
  Time since last request: 0.000504 seconds.
  path: Assets/Enemy Galore 1 - Pixel Art/Sprites/Rat/Rat_Full.png
  artifactKey: Guid(7be043c3b72768345bd8bda8237aa21d) Importer(815301076,1909f56bfc062723c751e8b465ee728b)
Start importing Assets/Enemy Galore 1 - Pixel Art/Sprites/Rat/Rat_Full.png using Guid(7be043c3b72768345bd8bda8237aa21d) Importer(815301076,1909f56bfc062723c751e8b465ee728b)  -> (artifact id: '512e2fb7953752b56e419cbbb0cb4b93') in 0.157926 seconds 
  Import took 0.186991 seconds .

========================================================================
Received Import Request.
  Time since last request: 0.000451 seconds.
  path: Assets/Enemy Galore 1 - Pixel Art/Sprites/Rat/Rat_Idle.png
  artifactKey: Guid(bacb39275657a5c41b462455d80cd045) Importer(815301076,1909f56bfc062723c751e8b465ee728b)
Start importing Assets/Enemy Galore 1 - Pixel Art/Sprites/Rat/Rat_Idle.png using Guid(bacb39275657a5c41b462455d80cd045) Importer(815301076,1909f56bfc062723c751e8b465ee728b)  -> (artifact id: 'bf2ecec5391afb0ef4fc9b9527247f26') in 0.021249 seconds 
  Import took 0.038983 seconds .

========================================================================
Received Import Request.
  Time since last request: 0.000470 seconds.
  path: Assets/Enemy Galore 1 - Pixel Art/Sprites/Rat/Rat_Death_FX.png
  artifactKey: Guid(ceb49d51625b9e349baca35d6f527cb5) Importer(815301076,1909f56bfc062723c751e8b465ee728b)
Start importing Assets/Enemy Galore 1 - Pixel Art/Sprites/Rat/Rat_Death_FX.png using Guid(ceb49d51625b9e349baca35d6f527cb5) Importer(815301076,1909f56bfc062723c751e8b465ee728b)  -> (artifact id: '80d694ce2eea1efbf222eddf33d68c1c') in 0.024364 seconds 
  Import took 0.035238 seconds .

========================================================================
Received Import Request.
  Time since last request: 0.001030 seconds.
  path: Assets/Enemy Galore 1 - Pixel Art/Sprites/Rat/Rat_Full_FX.png
  artifactKey: Guid(644b5e0fc2845cd42961d91d1151e072) Importer(815301076,1909f56bfc062723c751e8b465ee728b)
Start importing Assets/Enemy Galore 1 - Pixel Art/Sprites/Rat/Rat_Full_FX.png using Guid(644b5e0fc2845cd42961d91d1151e072) Importer(815301076,1909f56bfc062723c751e8b465ee728b)  -> (artifact id: '9623d954eec614c52a0aea4a3807f965') in 0.148237 seconds 
  Import took 0.170137 seconds .

========================================================================
Received Import Request.
  Time since last request: 34.667426 seconds.
  path: Assets/Enemy Galore 1 - Pixel Art/Sprites/Crab
  artifactKey: Guid(a5c0e9484394ea845b96b701440118cf) Importer(815301076,1909f56bfc062723c751e8b465ee728b)
Start importing Assets/Enemy Galore 1 - Pixel Art/Sprites/Crab using Guid(a5c0e9484394ea845b96b701440118cf) Importer(815301076,1909f56bfc062723c751e8b465ee728b)  -> (artifact id: 'f76742f52a35fb962eb3a426b1176c75') in 0.002270 seconds 
  Import took 0.031944 seconds .

========================================================================
Received Import Request.
  Time since last request: 2.623232 seconds.
  path: Assets/Enemy Galore 1 - Pixel Art/Sprites/Bat
  artifactKey: Guid(74b315e7a22342342882aad8272ba9da) Importer(815301076,1909f56bfc062723c751e8b465ee728b)
Start importing Assets/Enemy Galore 1 - Pixel Art/Sprites/Bat using Guid(74b315e7a22342342882aad8272ba9da) Importer(815301076,1909f56bfc062723c751e8b465ee728b)  -> (artifact id: '628a1310e0b66a9b4365d9b8ed878a3b') in 0.002694 seconds 
  Import took 0.031938 seconds .

========================================================================
Received Import Request.
  Time since last request: 3.234039 seconds.
  path: Assets/Enemy Galore 1 - Pixel Art/Sprites/Crab/Crab_Ability.png
  artifactKey: Guid(a26e7c276dacc394e84b073715964d62) Importer(815301076,1909f56bfc062723c751e8b465ee728b)
Start importing Assets/Enemy Galore 1 - Pixel Art/Sprites/Crab/Crab_Ability.png using Guid(a26e7c276dacc394e84b073715964d62) Importer(815301076,1909f56bfc062723c751e8b465ee728b)  -> (artifact id: 'cc5e5784fb1ee0907809166f79f0e97a') in 0.042889 seconds 
  Import took 0.075214 seconds .

========================================================================
Received Import Request.
  Time since last request: 0.000948 seconds.
  path: Assets/Enemy Galore 1 - Pixel Art/Sprites/Crab/Crab_Death.png
  artifactKey: Guid(dfce3acb0e540424e86667982645eae1) Importer(815301076,1909f56bfc062723c751e8b465ee728b)
Start importing Assets/Enemy Galore 1 - Pixel Art/Sprites/Crab/Crab_Death.png using Guid(dfce3acb0e540424e86667982645eae1) Importer(815301076,1909f56bfc062723c751e8b465ee728b)  -> (artifact id: 'ba84302c9201611bf0445f8260927764') in 0.026296 seconds 
  Import took 0.039376 seconds .

========================================================================
Received Import Request.
  Time since last request: 0.000569 seconds.
  path: Assets/Enemy Galore 1 - Pixel Art/Sprites/Crab/Crab_AttackA.png
  artifactKey: Guid(2ceb0bb8a5597a6468307ab9cac80aea) Importer(815301076,1909f56bfc062723c751e8b465ee728b)
Start importing Assets/Enemy Galore 1 - Pixel Art/Sprites/Crab/Crab_AttackA.png using Guid(2ceb0bb8a5597a6468307ab9cac80aea) Importer(815301076,1909f56bfc062723c751e8b465ee728b)  -> (artifact id: 'ce16ec3cafae4d7c9733733d7273a749') in 0.041462 seconds 
  Import took 0.052232 seconds .

========================================================================
Received Import Request.
  Time since last request: 0.000521 seconds.
  path: Assets/Enemy Galore 1 - Pixel Art/Sprites/Crab/Crab_Run.png
  artifactKey: Guid(d846abb0336da004fbf063a0e91aeaea) Importer(815301076,1909f56bfc062723c751e8b465ee728b)
Start importing Assets/Enemy Galore 1 - Pixel Art/Sprites/Crab/Crab_Run.png using Guid(d846abb0336da004fbf063a0e91aeaea) Importer(815301076,1909f56bfc062723c751e8b465ee728b)  -> (artifact id: '16e3c9956f5ccd53fef23b74e6593270') in 0.028862 seconds 
  Import took 0.049663 seconds .

========================================================================
Received Import Request.
  Time since last request: 0.000594 seconds.
  path: Assets/Enemy Galore 1 - Pixel Art/Sprites/Crab/Crab_Full.png
  artifactKey: Guid(7fa445e39c7ef624587e3b7fb23ff552) Importer(815301076,1909f56bfc062723c751e8b465ee728b)
Start importing Assets/Enemy Galore 1 - Pixel Art/Sprites/Crab/Crab_Full.png using Guid(7fa445e39c7ef624587e3b7fb23ff552) Importer(815301076,1909f56bfc062723c751e8b465ee728b)  -> (artifact id: '81f510895b4054ca460289bfa091cb81') in 0.170664 seconds 
  Import took 0.195835 seconds .

========================================================================
Received Import Request.
  Time since last request: 0.000477 seconds.
  path: Assets/Enemy Galore 1 - Pixel Art/Sprites/Crab/Crab_AttackC.png
  artifactKey: Guid(7c8902e8ebea147499b68bcb3cd51ec4) Importer(815301076,1909f56bfc062723c751e8b465ee728b)
Start importing Assets/Enemy Galore 1 - Pixel Art/Sprites/Crab/Crab_AttackC.png using Guid(7c8902e8ebea147499b68bcb3cd51ec4) Importer(815301076,1909f56bfc062723c751e8b465ee728b)  -> (artifact id: 'c6a7dfa7e9516eb6102bffba3450dc22') in 0.051278 seconds 
  Import took 0.063172 seconds .

========================================================================
Received Import Request.
  Time since last request: 0.000498 seconds.
  path: Assets/Enemy Galore 1 - Pixel Art/Sprites/Crab/Crab_AttackB.png
  artifactKey: Guid(8763884bab90cda46990f8d9c8cccb99) Importer(815301076,1909f56bfc062723c751e8b465ee728b)
Start importing Assets/Enemy Galore 1 - Pixel Art/Sprites/Crab/Crab_AttackB.png using Guid(8763884bab90cda46990f8d9c8cccb99) Importer(815301076,1909f56bfc062723c751e8b465ee728b)  -> (artifact id: 'a23a99b94551fc02328a5602ac35e88f') in 0.036396 seconds 
  Import took 0.060608 seconds .

========================================================================
Received Import Request.
  Time since last request: 0.000458 seconds.
  path: Assets/Enemy Galore 1 - Pixel Art/Sprites/Crab/Crab_AttackA_FX.png
  artifactKey: Guid(25f36137d1a3f58498a1e8c33a9589ed) Importer(815301076,1909f56bfc062723c751e8b465ee728b)
Start importing Assets/Enemy Galore 1 - Pixel Art/Sprites/Crab/Crab_AttackA_FX.png using Guid(25f36137d1a3f58498a1e8c33a9589ed) Importer(815301076,1909f56bfc062723c751e8b465ee728b)  -> (artifact id: 'f31f0d869670c2f4741327ac2612a8ba') in 0.022820 seconds 
  Import took 0.032284 seconds .

========================================================================
Received Import Request.
  Time since last request: 0.000505 seconds.
  path: Assets/Enemy Galore 1 - Pixel Art/Sprites/Crab/Crab_Idle.png
  artifactKey: Guid(25e3c3e2a286eee48bba19e8d339e062) Importer(815301076,1909f56bfc062723c751e8b465ee728b)
Start importing Assets/Enemy Galore 1 - Pixel Art/Sprites/Crab/Crab_Idle.png using Guid(25e3c3e2a286eee48bba19e8d339e062) Importer(815301076,1909f56bfc062723c751e8b465ee728b)  -> (artifact id: '716737556446a6d74fca3f00e4ec7319') in 0.028949 seconds 
  Import took 0.044854 seconds .

========================================================================
Received Import Request.
  Time since last request: 0.000475 seconds.
  path: Assets/Enemy Galore 1 - Pixel Art/Sprites/Crab/Crab_Full_FX.png
  artifactKey: Guid(c836c03bda3320b4b8d860ca34ab9377) Importer(815301076,1909f56bfc062723c751e8b465ee728b)
Start importing Assets/Enemy Galore 1 - Pixel Art/Sprites/Crab/Crab_Full_FX.png using Guid(c836c03bda3320b4b8d860ca34ab9377) Importer(815301076,1909f56bfc062723c751e8b465ee728b)  -> (artifact id: 'be8550c3ff79cd9f9e680a7a9465210a') in 0.173232 seconds 
  Import took 0.195807 seconds .

========================================================================
Received Import Request.
  Time since last request: 0.000566 seconds.
  path: Assets/Enemy Galore 1 - Pixel Art/Sprites/Crab/Crab_AttackB_FX.png
  artifactKey: Guid(7a6711e9af0c1e348b01a758120343b6) Importer(815301076,1909f56bfc062723c751e8b465ee728b)
Start importing Assets/Enemy Galore 1 - Pixel Art/Sprites/Crab/Crab_AttackB_FX.png using Guid(7a6711e9af0c1e348b01a758120343b6) Importer(815301076,1909f56bfc062723c751e8b465ee728b)  -> (artifact id: 'c417c34fe159d037e7dd34a2c2a51279') in 0.022961 seconds 
  Import took 0.036995 seconds .

========================================================================
Received Import Request.
  Time since last request: 0.000517 seconds.
  path: Assets/Enemy Galore 1 - Pixel Art/Sprites/Crab/Crab_Hit.png
  artifactKey: Guid(dca5b4ee5fdccd944bc45a38dd6debfa) Importer(815301076,1909f56bfc062723c751e8b465ee728b)
Start importing Assets/Enemy Galore 1 - Pixel Art/Sprites/Crab/Crab_Hit.png using Guid(dca5b4ee5fdccd944bc45a38dd6debfa) Importer(815301076,1909f56bfc062723c751e8b465ee728b)  -> (artifact id: '8fe21793f6976ca57945fa120a91a3cf') in 0.017361 seconds 
  Import took 0.039547 seconds .

========================================================================
Received Import Request.
  Time since last request: 0.000440 seconds.
  path: Assets/Enemy Galore 1 - Pixel Art/Sprites/Crab/Crab_AttackC_FX.png
  artifactKey: Guid(9164fca0983f5734bad23945fccd2e49) Importer(815301076,1909f56bfc062723c751e8b465ee728b)
Start importing Assets/Enemy Galore 1 - Pixel Art/Sprites/Crab/Crab_AttackC_FX.png using Guid(9164fca0983f5734bad23945fccd2e49) Importer(815301076,1909f56bfc062723c751e8b465ee728b)  -> (artifact id: '585f07ec93272959480e99cf29afd9e3') in 0.035839 seconds 
  Import took 0.048461 seconds .

========================================================================
Received Import Request.
  Time since last request: 12.284239 seconds.
  path: Assets/Enemy Galore 1 - Pixel Art/Sprites/Bat/Bat_Attack.png
  artifactKey: Guid(13e92c1d98e659941b362fa7c74445fa) Importer(815301076,1909f56bfc062723c751e8b465ee728b)
Start importing Assets/Enemy Galore 1 - Pixel Art/Sprites/Bat/Bat_Attack.png using Guid(13e92c1d98e659941b362fa7c74445fa) Importer(815301076,1909f56bfc062723c751e8b465ee728b)  -> (artifact id: '1aa2647c95f38bec29d96790c2819f49') in 0.039422 seconds 
  Import took 0.069373 seconds .

========================================================================
Received Import Request.
  Time since last request: 0.000519 seconds.
  path: Assets/Enemy Galore 1 - Pixel Art/Sprites/Bat/Bat_Death_FX.png
  artifactKey: Guid(02ad04bd8af738b44944e0203101294a) Importer(815301076,1909f56bfc062723c751e8b465ee728b)
Start importing Assets/Enemy Galore 1 - Pixel Art/Sprites/Bat/Bat_Death_FX.png using Guid(02ad04bd8af738b44944e0203101294a) Importer(815301076,1909f56bfc062723c751e8b465ee728b)  -> (artifact id: '112c84438f4de2a24df460edb192cf49') in 0.018587 seconds 
  Import took 0.028630 seconds .

========================================================================
Received Import Request.
  Time since last request: 0.000570 seconds.
  path: Assets/Enemy Galore 1 - Pixel Art/Sprites/Bat/Bat_Death.png
  artifactKey: Guid(68443b992fb0f5a469c8c52f3d22de74) Importer(815301076,1909f56bfc062723c751e8b465ee728b)
Start importing Assets/Enemy Galore 1 - Pixel Art/Sprites/Bat/Bat_Death.png using Guid(68443b992fb0f5a469c8c52f3d22de74) Importer(815301076,1909f56bfc062723c751e8b465ee728b)  -> (artifact id: 'd3bdcc32d5cad18e9b1e3b5af6d3aedf') in 0.052371 seconds 
  Import took 0.073964 seconds .

========================================================================
Received Import Request.
  Time since last request: 0.000488 seconds.
  path: Assets/Enemy Galore 1 - Pixel Art/Sprites/Bat/Bat_Full_FX.png
  artifactKey: Guid(c8c47f33b2852e74696a02bcc97dee5a) Importer(815301076,1909f56bfc062723c751e8b465ee728b)
Start importing Assets/Enemy Galore 1 - Pixel Art/Sprites/Bat/Bat_Full_FX.png using Guid(c8c47f33b2852e74696a02bcc97dee5a) Importer(815301076,1909f56bfc062723c751e8b465ee728b)  -> (artifact id: '9e908e248905e5fe961dcadfd7e89cbd') in 0.105532 seconds 
  Import took 0.125386 seconds .

========================================================================
Received Import Request.
  Time since last request: 0.000770 seconds.
  path: Assets/Enemy Galore 1 - Pixel Art/Sprites/Bat/Bat_Fly.png
  artifactKey: Guid(b438465a32eb63243a7889eb1f400d29) Importer(815301076,1909f56bfc062723c751e8b465ee728b)
Start importing Assets/Enemy Galore 1 - Pixel Art/Sprites/Bat/Bat_Fly.png using Guid(b438465a32eb63243a7889eb1f400d29) Importer(815301076,1909f56bfc062723c751e8b465ee728b)  -> (artifact id: '3f432952d6be3e104ddca5c66805e675') in 0.023492 seconds 
  Import took 0.045911 seconds .

========================================================================
Received Import Request.
  Time since last request: 0.000495 seconds.
  path: Assets/Enemy Galore 1 - Pixel Art/Sprites/Bat/Bat_Full.png
  artifactKey: Guid(4c92fdf190c298f43a958ea64410319e) Importer(815301076,1909f56bfc062723c751e8b465ee728b)
Start importing Assets/Enemy Galore 1 - Pixel Art/Sprites/Bat/Bat_Full.png using Guid(4c92fdf190c298f43a958ea64410319e) Importer(815301076,1909f56bfc062723c751e8b465ee728b)  -> (artifact id: '6544c8774042093fddf50a7a487ddf2e') in 0.094487 seconds 
  Import took 0.121769 seconds .

========================================================================
Received Import Request.
  Time since last request: 0.000524 seconds.
  path: Assets/Enemy Galore 1 - Pixel Art/Sprites/Bat/Bat_Attack_FX.png
  artifactKey: Guid(7a638afa92b731446974b08b4f8a3201) Importer(815301076,1909f56bfc062723c751e8b465ee728b)
Start importing Assets/Enemy Galore 1 - Pixel Art/Sprites/Bat/Bat_Attack_FX.png using Guid(7a638afa92b731446974b08b4f8a3201) Importer(815301076,1909f56bfc062723c751e8b465ee728b)  -> (artifact id: 'e185878994d9ebb4b0753a0a735c6a9b') in 0.028710 seconds 
  Import took 0.050048 seconds .

========================================================================
Received Import Request.
  Time since last request: 0.000477 seconds.
  path: Assets/Enemy Galore 1 - Pixel Art/Sprites/Bat/Bat_Hit.png
  artifactKey: Guid(49f9cfba514d554418bd41fa043df9ae) Importer(815301076,1909f56bfc062723c751e8b465ee728b)
Start importing Assets/Enemy Galore 1 - Pixel Art/Sprites/Bat/Bat_Hit.png using Guid(49f9cfba514d554418bd41fa043df9ae) Importer(815301076,1909f56bfc062723c751e8b465ee728b)  -> (artifact id: '4ea90e42e79e0ac51eb8c5a1ab62ba63') in 0.031105 seconds 
  Import took 0.041788 seconds .

========================================================================
Received Import Request.
  Time since last request: 186.284852 seconds.
  path: Assets/Enemy Galore 1 - Pixel Art/Sprites/Crab/Crab_Full.png
  artifactKey: Guid(7fa445e39c7ef624587e3b7fb23ff552) Importer(815301076,1909f56bfc062723c751e8b465ee728b)
Start importing Assets/Enemy Galore 1 - Pixel Art/Sprites/Crab/Crab_Full.png using Guid(7fa445e39c7ef624587e3b7fb23ff552) Importer(815301076,1909f56bfc062723c751e8b465ee728b)  -> (artifact id: 'e9d006cbd03c300e5e407d65a22658ff') in 0.195380 seconds 
  Import took 0.226558 seconds .

AssetImportWorkerClient::OnTransportError - code=2 error=End of file
